d:\visualstudioprojects\xyhsoftrenderer\xyhsoftrenderer\x64\release\vc143.pdb
d:\visualstudioprojects\xyhsoftrenderer\xyhsoftrenderer\x64\release\main.obj
d:\visualstudioprojects\xyhsoftrenderer\xyhsoftrenderer\x64\release\window.obj
d:\visualstudioprojects\xyhsoftrenderer\xyhsoftrenderer\x64\release\vector.obj
d:\visualstudioprojects\xyhsoftrenderer\xyhsoftrenderer\x64\release\texture.obj
d:\visualstudioprojects\xyhsoftrenderer\xyhsoftrenderer\x64\release\shader.obj
d:\visualstudioprojects\xyhsoftrenderer\xyhsoftrenderer\x64\release\renderer.obj
d:\visualstudioprojects\xyhsoftrenderer\xyhsoftrenderer\x64\release\objfilereader.obj
d:\visualstudioprojects\xyhsoftrenderer\xyhsoftrenderer\x64\release\object.obj
d:\visualstudioprojects\xyhsoftrenderer\xyhsoftrenderer\x64\release\matrix.obj
d:\visualstudioprojects\xyhsoftrenderer\xyhsoftrenderer\x64\release\math.obj
d:\visualstudioprojects\xyhsoftrenderer\xyhsoftrenderer\x64\release\color.obj
d:\visualstudioprojects\xyhsoftrenderer\xyhsoftrenderer\x64\release\camera.obj
d:\visualstudioprojects\xyhsoftrenderer\xyhsoftrenderer\x64\release\buffer.obj
d:\visualstudioprojects\xyhsoftrenderer\x64\release\xyhsoftrenderer.exe
d:\visualstudioprojects\xyhsoftrenderer\x64\release\xyhsoftrenderer.pdb
d:\visualstudioprojects\xyhsoftrenderer\xyhsoftrenderer\x64\release\xyhsoftrenderer.ipdb
d:\visualstudioprojects\xyhsoftrenderer\xyhsoftrenderer\x64\release\xyhsoftrenderer.iobj
d:\visualstudioprojects\xyhsoftrenderer\xyhsoftrenderer\x64\release\xyhsoftrenderer.tlog\cl.command.1.tlog
d:\visualstudioprojects\xyhsoftrenderer\xyhsoftrenderer\x64\release\xyhsoftrenderer.tlog\cl.items.tlog
d:\visualstudioprojects\xyhsoftrenderer\xyhsoftrenderer\x64\release\xyhsoftrenderer.tlog\cl.read.1.tlog
d:\visualstudioprojects\xyhsoftrenderer\xyhsoftrenderer\x64\release\xyhsoftrenderer.tlog\cl.write.1.tlog
d:\visualstudioprojects\xyhsoftrenderer\xyhsoftrenderer\x64\release\xyhsoftrenderer.tlog\link.command.1.tlog
d:\visualstudioprojects\xyhsoftrenderer\xyhsoftrenderer\x64\release\xyhsoftrenderer.tlog\link.read.1.tlog
d:\visualstudioprojects\xyhsoftrenderer\xyhsoftrenderer\x64\release\xyhsoftrenderer.tlog\link.secondary.1.tlog
d:\visualstudioprojects\xyhsoftrenderer\xyhsoftrenderer\x64\release\xyhsoftrenderer.tlog\link.write.1.tlog
