d:\visualstudioprojects\xyhsoftrenderer\xyhsoftrenderer\x64\debug\vc143.pdb
d:\visualstudioprojects\xyhsoftrenderer\xyhsoftrenderer\x64\debug\vc143.idb
d:\visualstudioprojects\xyhsoftrenderer\xyhsoftrenderer\x64\debug\main.obj
d:\visualstudioprojects\xyhsoftrenderer\xyhsoftrenderer\x64\debug\window.obj
d:\visualstudioprojects\xyhsoftrenderer\xyhsoftrenderer\x64\debug\vector.obj
d:\visualstudioprojects\xyhsoftrenderer\xyhsoftrenderer\x64\debug\texture.obj
d:\visualstudioprojects\xyhsoftrenderer\xyhsoftrenderer\x64\debug\shader.obj
d:\visualstudioprojects\xyhsoftrenderer\xyhsoftrenderer\x64\debug\renderer.obj
d:\visualstudioprojects\xyhsoftrenderer\xyhsoftrenderer\x64\debug\objfilereader.obj
d:\visualstudioprojects\xyhsoftrenderer\xyhsoftrenderer\x64\debug\object.obj
d:\visualstudioprojects\xyhsoftrenderer\xyhsoftrenderer\x64\debug\matrix.obj
d:\visualstudioprojects\xyhsoftrenderer\xyhsoftrenderer\x64\debug\math.obj
d:\visualstudioprojects\xyhsoftrenderer\xyhsoftrenderer\x64\debug\color.obj
d:\visualstudioprojects\xyhsoftrenderer\xyhsoftrenderer\x64\debug\camera.obj
d:\visualstudioprojects\xyhsoftrenderer\xyhsoftrenderer\x64\debug\buffer.obj
d:\visualstudioprojects\xyhsoftrenderer\x64\debug\xyhsoftrenderer.exe
d:\visualstudioprojects\xyhsoftrenderer\x64\debug\xyhsoftrenderer.pdb
d:\visualstudioprojects\xyhsoftrenderer\xyhsoftrenderer\x64\debug\xyhsoftrenderer.ilk
d:\visualstudioprojects\xyhsoftrenderer\xyhsoftrenderer\x64\debug\xyhsoftrenderer.tlog\cl.command.1.tlog
d:\visualstudioprojects\xyhsoftrenderer\xyhsoftrenderer\x64\debug\xyhsoftrenderer.tlog\cl.items.tlog
d:\visualstudioprojects\xyhsoftrenderer\xyhsoftrenderer\x64\debug\xyhsoftrenderer.tlog\cl.read.1.tlog
d:\visualstudioprojects\xyhsoftrenderer\xyhsoftrenderer\x64\debug\xyhsoftrenderer.tlog\cl.write.1.tlog
d:\visualstudioprojects\xyhsoftrenderer\xyhsoftrenderer\x64\debug\xyhsoftrenderer.tlog\link.command.1.tlog
d:\visualstudioprojects\xyhsoftrenderer\xyhsoftrenderer\x64\debug\xyhsoftrenderer.tlog\link.read.1.tlog
d:\visualstudioprojects\xyhsoftrenderer\xyhsoftrenderer\x64\debug\xyhsoftrenderer.tlog\link.secondary.1.tlog
d:\visualstudioprojects\xyhsoftrenderer\xyhsoftrenderer\x64\debug\xyhsoftrenderer.tlog\link.write.1.tlog
